<?xml version="1.0" encoding="UTF-8"?>
<!-- Generated by org.testng.reporters.JUnitReportReporter -->
<testsuite hostname="DESKTOP-AMI3FK1" failures="0" tests="2" name="Test.LoginTest" time="1.122" errors="0" timestamp="2024-08-20T18:26:40 IST" skipped="0">
  <testcase classname="Test.LoginTest" name="VerifyThePageUrl" time="0.393"/>
  <system-out/>
  <testcase classname="Test.LoginTest" name="VerifyFields" time="0.729"/>
  <system-out/>
</testsuite> <!-- Test.LoginTest -->
