<?xml version="1.0" encoding="UTF-8"?>
<!-- Generated by org.testng.reporters.JUnitReportReporter -->
<testsuite hostname="DESKTOP-AMI3FK1" failures="0" tests="1" name="Test.Drag" time="3.258" errors="0" timestamp="2024-10-04T15:59:58 IST" skipped="0">
  <testcase classname="Test.Drag" name="TestScenarioTwo" time="3.258"/>
  <system-out/>
</testsuite> <!-- Test.Drag -->
